TN:
SF:src\_base\constants.js
FNF:0
FNH:0
DA:1,1
DA:2,1
DA:3,1
DA:4,1
DA:5,1
DA:6,1
DA:7,1
DA:8,1
DA:9,1
DA:10,1
DA:11,1
DA:12,1
DA:13,1
DA:14,1
DA:15,1
DA:16,1
DA:17,1
DA:18,1
DA:19,1
DA:20,1
DA:21,1
DA:22,1
DA:23,1
DA:24,1
DA:25,1
DA:26,1
DA:27,1
DA:28,1
DA:29,1
DA:30,1
LF:30
LH:30
BRF:0
BRH:0
end_of_record
TN:
SF:src\_base\error\badRequestError.js
FN:5,BadRequestError
FNF:1
FNH:0
FNDA:0,BadRequestError
DA:1,1
DA:2,1
DA:3,1
DA:4,1
DA:5,1
DA:6,0
DA:7,0
DA:8,0
DA:9,0
DA:10,0
DA:11,0
DA:12,0
DA:13,1
DA:14,1
DA:15,1
LF:15
LH:8
BRF:0
BRH:0
end_of_record
TN:
SF:src\_base\error\baseError.js
FN:2,BaseError
FNF:1
FNH:0
FNDA:0,BaseError
DA:1,1
DA:2,1
DA:3,0
DA:4,0
DA:5,0
DA:6,0
DA:7,0
DA:8,0
DA:9,0
DA:10,0
DA:11,1
DA:12,1
DA:13,1
LF:13
LH:5
BRF:0
BRH:0
end_of_record
TN:
SF:src\_base\error\forbiddenError.js
FN:5,ForbiddenError
FNF:1
FNH:0
FNDA:0,ForbiddenError
DA:1,1
DA:2,1
DA:3,1
DA:4,1
DA:5,1
DA:6,0
DA:7,0
DA:8,0
DA:9,0
DA:10,0
DA:11,0
DA:12,0
DA:13,1
DA:14,1
DA:15,1
LF:15
LH:8
BRF:0
BRH:0
end_of_record
TN:
SF:src\_base\error\index.js
FNF:0
FNH:0
DA:1,1
DA:2,1
DA:3,1
DA:4,1
DA:5,1
DA:6,1
DA:7,1
DA:8,1
DA:9,1
DA:10,1
DA:11,1
DA:12,1
DA:13,1
LF:13
LH:13
BRF:0
BRH:0
end_of_record
TN:
SF:src\_base\error\internalServerError.js
FN:5,InternalServerError
FNF:1
FNH:0
FNDA:0,InternalServerError
DA:1,1
DA:2,1
DA:3,1
DA:4,1
DA:5,1
DA:6,0
DA:7,0
DA:8,0
DA:9,0
DA:10,0
DA:11,0
DA:12,0
DA:13,1
DA:14,1
DA:15,1
LF:15
LH:8
BRF:0
BRH:0
end_of_record
TN:
SF:src\_base\error\notFoundError.js
FN:5,NotFoundError
FNF:1
FNH:0
FNDA:0,NotFoundError
DA:1,1
DA:2,1
DA:3,1
DA:4,1
DA:5,1
DA:6,0
DA:7,0
DA:8,0
DA:9,0
DA:10,0
DA:11,0
DA:12,0
DA:13,1
DA:14,1
DA:15,1
LF:15
LH:8
BRF:0
BRH:0
end_of_record
TN:
SF:src\_base\error\unauthorizedError.js
FN:5,UnauthorizedError
FNF:1
FNH:0
FNDA:0,UnauthorizedError
DA:1,1
DA:2,1
DA:3,1
DA:4,1
DA:5,1
DA:6,0
DA:7,0
DA:8,0
DA:9,0
DA:10,0
DA:11,0
DA:12,0
DA:13,1
DA:14,1
DA:15,1
LF:15
LH:8
BRF:0
BRH:0
end_of_record
TN:
SF:src\database\index.js
FNF:0
FNH:0
DA:1,1
DA:2,1
DA:3,1
DA:4,1
DA:5,1
DA:6,1
DA:7,1
DA:8,1
DA:9,1
DA:10,1
DA:11,1
DA:12,0
DA:13,0
DA:14,0
DA:15,0
DA:16,0
DA:17,1
DA:18,1
LF:18
LH:13
BRDA:8,0,0,1
BRF:1
BRH:1
end_of_record
TN:
SF:src\database\models\comment.js
FNF:0
FNH:0
DA:1,1
DA:2,1
DA:3,1
DA:4,1
DA:5,1
DA:6,1
DA:7,1
DA:8,1
DA:9,1
DA:10,1
DA:11,1
DA:12,1
DA:13,1
DA:14,1
DA:15,1
DA:16,1
DA:17,1
DA:18,1
DA:19,1
DA:20,1
DA:21,1
DA:22,1
DA:23,1
DA:24,1
DA:25,1
DA:26,1
DA:27,1
DA:28,1
DA:29,1
DA:30,1
LF:30
LH:30
BRF:0
BRH:0
end_of_record
TN:
SF:src\database\models\post.js
FNF:0
FNH:0
DA:1,1
DA:2,1
DA:3,1
DA:4,1
DA:5,1
DA:6,1
DA:7,1
DA:8,1
DA:9,1
DA:10,1
DA:11,1
DA:12,1
DA:13,1
DA:14,1
DA:15,1
DA:16,1
DA:17,1
DA:18,1
DA:19,1
DA:20,1
DA:21,1
DA:22,1
DA:23,1
DA:24,1
DA:25,1
DA:26,1
DA:27,1
DA:28,1
DA:29,1
DA:30,1
DA:31,1
DA:32,1
DA:33,1
DA:34,1
DA:35,1
DA:36,1
LF:36
LH:36
BRF:0
BRH:0
end_of_record
TN:
SF:src\service\comment.js
FN:11,Object.<anonymous>.exports.deleteComment
FN:32,Object.<anonymous>.exports.createComment
FNF:2
FNH:0
FNDA:0,Object.<anonymous>.exports.deleteComment
FNDA:0,Object.<anonymous>.exports.createComment
DA:1,1
DA:2,1
DA:3,1
DA:4,1
DA:5,1
DA:6,1
DA:7,1
DA:8,1
DA:9,1
DA:10,1
DA:11,1
DA:12,0
DA:13,0
DA:14,0
DA:15,0
DA:16,0
DA:17,0
DA:18,0
DA:19,0
DA:20,0
DA:21,0
DA:22,0
DA:23,0
DA:24,0
DA:25,0
DA:26,0
DA:27,0
DA:28,0
DA:29,0
DA:30,0
DA:31,1
DA:32,1
DA:33,0
DA:34,0
DA:35,0
DA:36,0
DA:37,0
DA:38,0
DA:39,0
DA:40,0
DA:41,0
DA:42,0
DA:43,0
DA:44,0
DA:45,0
DA:46,0
DA:47,0
DA:48,0
DA:49,0
DA:50,0
DA:51,0
LF:51
LH:13
BRF:0
BRH:0
end_of_record
TN:
SF:tests\db.js
FN:7,Object.<anonymous>.exports.connect
FN:17,Object.<anonymous>.exports.closeDatabase
FN:23,Object.<anonymous>.exports.clearDatabase
FNF:3
FNH:3
FNDA:1,Object.<anonymous>.exports.connect
FNDA:1,Object.<anonymous>.exports.closeDatabase
FNDA:1,Object.<anonymous>.exports.clearDatabase
DA:1,1
DA:2,1
DA:3,1
DA:4,1
DA:5,1
DA:6,1
DA:7,1
DA:8,1
DA:9,0
DA:10,0
DA:11,0
DA:12,0
DA:13,0
DA:14,0
DA:15,0
DA:16,1
DA:17,1
DA:18,1
DA:19,1
DA:20,1
DA:21,1
DA:22,1
DA:23,1
DA:24,1
DA:25,1
DA:26,2
DA:27,2
DA:28,2
DA:29,1
LF:29
LH:22
BRDA:7,0,0,1
BRDA:8,1,0,0
BRDA:17,2,0,1
BRDA:23,3,0,1
BRDA:25,4,0,2
BRF:5
BRH:4
end_of_record
